<?xml version="1.0" encoding="UTF-8"?>
<testsuite xmlns:xsi="http://www.w3.org/2001/XMLSchema-instance" xsi:noNamespaceSchemaLocation="https://maven.apache.org/surefire/maven-surefire-plugin/xsd/surefire-test-report-3.0.xsd" version="3.0" name="com.example.ToDoApp.ToDoAppApplicationTests" time="16.974" tests="1" errors="0" skipped="0" failures="0">
  <properties>
[...]
</properties>
  <testcase name="contextLoads" classname="com.example.ToDoApp.ToDoAppApplicationTests" time="3.218">
    <system-out><![CDATA[23:09:23.846 [main] INFO org.springframework.test.context.support.AnnotationConfigContextLoaderUtils -- Could not detect default configuration classes for test class [com.example.ToDoApp.ToDoAppApplicationTests]: ToDoAppApplicationTests does not declare any static, non-private, non-final, nested classes annotated with @Configuration.
23:09:24.061 [main] INFO org.springframework.boot.test.context.SpringBootTestContextBootstrapper -- Found @SpringBootConfiguration com.example.ToDoApp.ToDoAppApplication for test class com.example.ToDoApp.ToDoAppApplicationTests
23:09:24.350 [main] INFO org.springframework.boot.devtools.restart.RestartApplicationListener -- Restart disabled due to context in which it is running

  .   ____          _            __ _ _
 /\\ / ___'_ __ _ _(_)_ __  __ _ \ \ \ \
( ( )\___ | '_ | '_| | '_ \/ _` | \ \ \ \
 \\/  ___)| |_)| | | | | || (_| |  ) ) ) )
  '  |____| .__|_| |_|_| |_\__, | / / / /
 =========|_|==============|___/=/_/_/_/
 :: Spring Boot ::                (v3.1.7)

2024-01-04T23:09:24.776+05:30  INFO 25616 --- [           main] c.e.ToDoApp.ToDoAppApplicationTests      : Starting ToDoAppApplicationTests using Java 17.0.7 with PID 25616 (started by ROSHA in E:\AWS\Project\ToDo-App)
2024-01-04T23:09:24.779+05:30  INFO 25616 --- [           main] c.e.ToDoApp.ToDoAppApplicationTests      : No active profile set, falling back to 1 default profile: "default"
2024-01-04T23:09:25.920+05:30  INFO 25616 --- [           main] .s.d.r.c.RepositoryConfigurationDelegate : Bootstrapping Spring Data JPA repositories in DEFAULT mode.
2024-01-04T23:09:26.018+05:30  INFO 25616 --- [           main] .s.d.r.c.RepositoryConfigurationDelegate : Finished Spring Data repository scanning in 86 ms. Found 1 JPA repository interface.
2024-01-04T23:09:26.749+05:30  INFO 25616 --- [           main] o.hibernate.jpa.internal.util.LogHelper  : HHH000204: Processing PersistenceUnitInfo [name: default]
2024-01-04T23:09:26.840+05:30  INFO 25616 --- [           main] org.hibernate.Version                    : HHH000412: Hibernate ORM core version 6.2.17.Final
2024-01-04T23:09:26.842+05:30  INFO 25616 --- [           main] org.hibernate.cfg.Environment            : HHH000406: Using bytecode reflection optimizer
2024-01-04T23:09:27.352+05:30  INFO 25616 --- [           main] o.s.o.j.p.SpringPersistenceUnitInfo      : No LoadTimeWeaver setup: ignoring JPA class transformer
2024-01-04T23:09:27.396+05:30  INFO 25616 --- [           main] com.zaxxer.hikari.HikariDataSource       : HikariPool-1 - Starting...
2024-01-04T23:09:30.725+05:30  INFO 25616 --- [           main] com.zaxxer.hikari.pool.HikariPool        : HikariPool-1 - Added connection com.mysql.cj.jdbc.ConnectionImpl@c6a692e
2024-01-04T23:09:30.769+05:30  INFO 25616 --- [           main] com.zaxxer.hikari.HikariDataSource       : HikariPool-1 - Start completed.
2024-01-04T23:09:31.156+05:30  WARN 25616 --- [           main] org.hibernate.orm.deprecation            : HHH90000025: MySQL8Dialect does not need to be specified explicitly using 'hibernate.dialect' (remove the property setting and it will be selected by default)
2024-01-04T23:09:31.160+05:30  WARN 25616 --- [           main] org.hibernate.orm.deprecation            : HHH90000026: MySQL8Dialect has been deprecated; use org.hibernate.dialect.MySQLDialect instead
2024-01-04T23:09:33.638+05:30  INFO 25616 --- [           main] o.h.e.t.j.p.i.JtaPlatformInitiator       : HHH000489: No JTA platform available (set 'hibernate.transaction.jta.platform' to enable JTA platform integration)
2024-01-04T23:09:34.982+05:30  INFO 25616 --- [           main] j.LocalContainerEntityManagerFactoryBean : Initialized JPA EntityManagerFactory for persistence unit 'default'
2024-01-04T23:09:36.186+05:30  WARN 25616 --- [           main] JpaBaseConfiguration$JpaWebConfiguration : spring.jpa.open-in-view is enabled by default. Therefore, database queries may be performed during view rendering. Explicitly configure spring.jpa.open-in-view to disable this warning
2024-01-04T23:09:37.024+05:30  INFO 25616 --- [           main] c.e.ToDoApp.ToDoAppApplicationTests      : Started ToDoAppApplicationTests in 12.692 seconds (process running for 15.535)
]]></system-out>
  </testcase>
</testsuite>